#
# There is insufficient memory for the Java Runtime Environment to continue.
# Native memory allocation (mmap) failed to map 67108864 bytes for Failed to commit area from 0x00000000fc000000 to 0x0000000100000000 of length 67108864.
# Possible reasons:
#   The system is out of physical RAM or swap space
#   The process is running with CompressedOops enabled, and the Java Heap may be blocking the growth of the native heap
# Possible solutions:
#   Reduce memory load on the system
#   Increase physical memory or swap space
#   Check if swap backing store is full
#   Decrease Java heap size (-Xmx/-Xms)
#   Decrease number of Java threads
#   Decrease Java thread stack sizes (-Xss)
#   Set larger code cache with -XX:ReservedCodeCacheSize=
# This output file may be truncated or incomplete.
#
#  Out of Memory Error (./src/hotspot/os/windows/os_windows.cpp:3386), pid=8456, tid=7352
#
# JRE version:  (11.0.18+10) (build )
# Java VM: OpenJDK 64-Bit Server VM (11.0.18+10-LTS, mixed mode, sharing, tiered, compressed oops, g1 gc, windows-amd64)
# No core dump will be written. Minidumps are not enabled by default on client versions of Windows
#

---------------  S U M M A R Y ------------

Command Line: -Xmx64m -Xms64m -Dorg.gradle.appname=gradlew org.gradle.wrapper.GradleWrapperMain app:installDebug -PreactNativeDevServerPort=8081

Host: 11th Gen Intel(R) Core(TM) i5-1145G7 @ 2.60GHz, 8 cores, 15G,  Windows 11 , 64 bit Build 22621 (10.0.22621.1778)
Time: Tue Jun 20 22:45:20 2023 Pakistan Standard Time elapsed time: 0.220090 seconds (0d 0h 0m 0s)

---------------  T H R E A D  ---------------

Current thread (0x0000019399474000):  JavaThread "Unknown thread" [_thread_in_vm, id=7352, stack(0x0000007fa5300000,0x0000007fa5400000)]

Stack: [0x0000007fa5300000,0x0000007fa5400000]
Native frames: (J=compiled Java code, j=interpreted, Vv=VM code, C=native code)
V  [jvm.dll+0x62bf8a]
V  [jvm.dll+0x7b8fb9]
V  [jvm.dll+0x7ba6a8]
V  [jvm.dll+0x7bad83]
V  [jvm.dll+0x250248]
V  [jvm.dll+0x62929a]
V  [jvm.dll+0x61d855]
V  [jvm.dll+0x30c32c]
V  [jvm.dll+0x30c1b2]
V  [jvm.dll+0x310ec6]
V  [jvm.dll+0x356f0f]
V  [jvm.dll+0x356940]
V  [jvm.dll+0x2e9348]
V  [jvm.dll+0x2ea4a6]
V  [jvm.dll+0x792e07]
V  [jvm.dll+0x79458f]
V  [jvm.dll+0x363c69]
V  [jvm.dll+0x775d70]
V  [jvm.dll+0x3d297f]
V  [jvm.dll+0x3d4d11]
C  [jli.dll+0x5207]
C  [ucrtbase.dll+0x29363]
C  [KERNEL32.DLL+0x126ad]
C  [ntdll.dll+0x5a9f8]


---------------  P R O C E S S  ---------------

Threads class SMR info:
_java_thread_list=0x00000193971c5530, length=0, elements={
}

Java Threads: ( => current thread )

Other Threads:
  0x000001939729c800 GCTaskThread "GC Thread#0" [stack: 0x0000007fa5400000,0x0000007fa5500000] [id=18700]
  0x000001939948f800 ConcurrentGCThread "G1 Main Marker" [stack: 0x0000007fa5500000,0x0000007fa5600000] [id=5804]
  0x0000019399491800 ConcurrentGCThread "G1 Conc#0" [stack: 0x0000007fa5600000,0x0000007fa5700000] [id=22800]

[error occurred during error reporting (printing all threads), id 0xc0000005, EXCEPTION_ACCESS_VIOLATION (0xc0000005) at pc=0x00007ff801678b17]

VM state:not at safepoint (not fully initialized)

VM Mutex/Monitor currently owned by a thread:  ([mutex/lock_event])
[0x000001939946ff50] Heap_lock - owner thread: 0x0000019399474000

Heap address: 0x00000000fc000000, size: 64 MB, Compressed Oops mode: Non-zero based: 0x00000000fc000000
Narrow klass base: 0x0000000000000000, Narrow klass shift: 0

GC Heap History (0 events):
No events

Deoptimization events (0 events):
No events

Classes redefined (0 events):
No events

Internal exceptions (0 events):
No events

Events (1 events):
Event: 0.214 Loaded shared library C:\Program Files\Microsoft\jdk-11.0.18.10-hotspot\bin\zip.dll


Dynamic libraries:
0x00007ff7e1f70000 - 0x00007ff7e1f7d000 	C:\Program Files\Microsoft\jdk-11.0.18.10-hotspot\bin\java.exe
0x00007ff87ced0000 - 0x00007ff87d0e4000 	C:\Windows\SYSTEM32\ntdll.dll
0x00007ff87b560000 - 0x00007ff87b622000 	C:\Windows\System32\KERNEL32.DLL
0x00007ff87a350000 - 0x00007ff87a6f3000 	C:\Windows\System32\KERNELBASE.dll
0x00007ff87a870000 - 0x00007ff87a981000 	C:\Windows\System32\ucrtbase.dll
0x00007ff839aa0000 - 0x00007ff839ab7000 	C:\Program Files\Microsoft\jdk-11.0.18.10-hotspot\bin\jli.dll
0x00007ff87b180000 - 0x00007ff87b32b000 	C:\Windows\System32\USER32.dll
0x00007ff87ab20000 - 0x00007ff87ab46000 	C:\Windows\System32\win32u.dll
0x00007ff87b340000 - 0x00007ff87b369000 	C:\Windows\System32\GDI32.dll
0x00007ff87a990000 - 0x00007ff87aaa9000 	C:\Windows\System32\gdi32full.dll
0x00007ff87ab50000 - 0x00007ff87abea000 	C:\Windows\System32\msvcp_win.dll
0x00007ff838eb0000 - 0x00007ff838ec5000 	C:\Program Files\Microsoft\jdk-11.0.18.10-hotspot\bin\VCRUNTIME140.dll
0x00007ff84f9a0000 - 0x00007ff84fc2e000 	C:\Windows\WinSxS\amd64_microsoft.windows.common-controls_6595b64144ccf1df_6.0.22621.1635_none_270f70857386168e\COMCTL32.dll
0x00007ff87bfe0000 - 0x00007ff87c087000 	C:\Windows\System32\msvcrt.dll
0x00007ff87b6d0000 - 0x00007ff87b701000 	C:\Windows\System32\IMM32.DLL
0x00007ff820c70000 - 0x00007ff820d0b000 	C:\Program Files\Microsoft\jdk-11.0.18.10-hotspot\bin\msvcp140.dll
0x00007ff801380000 - 0x00007ff801f12000 	C:\Program Files\Microsoft\jdk-11.0.18.10-hotspot\bin\server\jvm.dll
0x00007ff87c3e0000 - 0x00007ff87c48e000 	C:\Windows\System32\ADVAPI32.dll
0x00007ff87cc90000 - 0x00007ff87cd34000 	C:\Windows\System32\sechost.dll
0x00007ff87b060000 - 0x00007ff87b177000 	C:\Windows\System32\RPCRT4.dll
0x00007ff87b330000 - 0x00007ff87b338000 	C:\Windows\System32\PSAPI.DLL
0x00007ff862260000 - 0x00007ff862269000 	C:\Windows\SYSTEM32\WSOCK32.dll
0x00007ff87b630000 - 0x00007ff87b6a1000 	C:\Windows\System32\WS2_32.dll
0x00007ff870980000 - 0x00007ff8709b4000 	C:\Windows\SYSTEM32\WINMM.dll
0x00007ff86f560000 - 0x00007ff86f56a000 	C:\Windows\SYSTEM32\VERSION.dll
0x00007ff8792e0000 - 0x00007ff8792f8000 	C:\Windows\SYSTEM32\kernel.appcore.dll
0x00007ff840cf0000 - 0x00007ff840d00000 	C:\Program Files\Microsoft\jdk-11.0.18.10-hotspot\bin\verify.dll
0x00007ff877ca0000 - 0x00007ff877ece000 	C:\Windows\SYSTEM32\DBGHELP.DLL
0x00007ff87acc0000 - 0x00007ff87b049000 	C:\Windows\System32\combase.dll
0x00007ff87b370000 - 0x00007ff87b447000 	C:\Windows\System32\OLEAUT32.dll
0x00007ff868620000 - 0x00007ff868652000 	C:\Windows\SYSTEM32\dbgcore.DLL
0x00007ff87a2d0000 - 0x00007ff87a34b000 	C:\Windows\System32\bcryptPrimitives.dll
0x00007ff82f600000 - 0x00007ff82f628000 	C:\Program Files\Microsoft\jdk-11.0.18.10-hotspot\bin\java.dll
0x00007ff840460000 - 0x00007ff84046a000 	C:\Program Files\Microsoft\jdk-11.0.18.10-hotspot\bin\jimage.dll
0x00007ff838430000 - 0x00007ff838448000 	C:\Program Files\Microsoft\jdk-11.0.18.10-hotspot\bin\zip.dll

dbghelp: loaded successfully - version: 4.0.5 - missing functions: none
symbol engine: initialized successfully - sym options: 0x614 - pdb path: .;C:\Program Files\Microsoft\jdk-11.0.18.10-hotspot\bin;C:\Windows\SYSTEM32;C:\Windows\WinSxS\amd64_microsoft.windows.common-controls_6595b64144ccf1df_6.0.22621.1635_none_270f70857386168e;C:\Program Files\Microsoft\jdk-11.0.18.10-hotspot\bin\server

VM Arguments:
jvm_args: -Xmx64m -Xms64m -Dorg.gradle.appname=gradlew 
java_command: org.gradle.wrapper.GradleWrapperMain app:installDebug -PreactNativeDevServerPort=8081
java_class_path (initial): D:\Nomadic_Insight\native-panel-portal\android\\gradle\wrapper\gradle-wrapper.jar
Launcher Type: SUN_STANDARD

[Global flags]
     intx CICompilerCount                          = 4                                         {product} {ergonomic}
     uint ConcGCThreads                            = 2                                         {product} {ergonomic}
     uint G1ConcRefinementThreads                  = 8                                         {product} {ergonomic}
   size_t G1HeapRegionSize                         = 1048576                                   {product} {ergonomic}
    uintx GCDrainStackTargetSize                   = 64                                        {product} {ergonomic}
   size_t InitialHeapSize                          = 67108864                                  {product} {command line}
   size_t MarkStackSize                            = 4194304                                   {product} {ergonomic}
   size_t MaxHeapSize                              = 67108864                                  {product} {command line}
   size_t MinHeapDeltaBytes                        = 1048576                                   {product} {ergonomic}
    uintx NonNMethodCodeHeapSize                   = 5836300                                {pd product} {ergonomic}
    uintx NonProfiledCodeHeapSize                  = 122910970                              {pd product} {ergonomic}
    uintx ProfiledCodeHeapSize                     = 122910970                              {pd product} {ergonomic}
    uintx ReservedCodeCacheSize                    = 251658240                              {pd product} {ergonomic}
     bool SegmentedCodeCache                       = true                                      {product} {ergonomic}
     bool UseCompressedClassPointers               = true                                 {lp64_product} {ergonomic}
     bool UseCompressedOops                        = true                                 {lp64_product} {ergonomic}
     bool UseG1GC                                  = true                                      {product} {ergonomic}
     bool UseLargePagesIndividualAllocation        = false                                  {pd product} {ergonomic}

Logging:
Log output configuration:
 #0: stdout all=warning uptime,level,tags
 #1: stderr all=off uptime,level,tags

Environment Variables:
JAVA_HOME=C:\Program Files\Microsoft\jdk-11.0.18.10-hotspot\
CLASSPATH=D:\Nomadic_Insight\native-panel-portal\android\\gradle\wrapper\gradle-wrapper.jar
PATH=D:\Nomadic_Insight\native-panel-portal\android\node_modules\.bin;D:\Nomadic_Insight\native-panel-portal\node_modules\.bin;D:\Nomadic_Insight\node_modules\.bin;D:\node_modules\.bin;C:\Program Files\nodejs;D:\Nomadic_Insight\native-panel-portal\node_modules\.bin;D:\Nomadic_Insight\node_modules\.bin;D:\node_modules\.bin;C:\Users\sajja\AppData\Roaming\nvm\v16.16.0\node_modules\npm\node_modules\@npmcli\run-script\lib\node-gyp-bin;D:\Nomadic_Insight\native-panel-portal\node_modules\.bin;D:\Nomadic_Insight\native-panel-portal\node_modules\.bin;D:\Nomadic_Insight\node_modules\.bin;D:\node_modules\.bin;C:\Program Files\nodejs;D:\Nomadic_Insight\native-panel-portal\node_modules\react-native\scripts\node_modules\.bin;D:\Nomadic_Insight\native-panel-portal\node_modules\react-native\node_modules\.bin;D:\Nomadic_Insight\native-panel-portal\node_modules\node_modules\.bin;D:\Nomadic_Insight\native-panel-portal\node_modules\.bin;D:\Nomadic_Insight\node_modules\.bin;D:\node_modules\.bin;C:\Program Files\nodejs;D:\Nomadic_Insight\native-panel-portal\node_modules\.bin;D:\Nomadic_Insight\node_modules\.bin;D:\node_modules\.bin;C:\Users\sajja\AppData\Roaming\nvm\v16.16.0\node_modules\npm\node_modules\@npmcli\run-script\lib\node-gyp-bin;C:\Program Files\Microsoft\jdk-11.0.18.10-hotspot\bin;C:\Windows\system32;C:\Windows;C:\Windows\System32\Wbem;C:\Windows\System32\WindowsPowerShell\v1.0\;C:\Windows\System32\OpenSSH\;C:\Users\sajja\AppData\Roaming\nvm;C:\Program Files\nodejs;C:\Program Files\Git\cmd;C:\Program Files\nodejs\;C:\Program Files\Docker\Docker\resources\bin;C:\ProgramData\chocolatey\bin;C:\Users\sajja\AppData\Local\Programs\Python\Python311\Scripts\;C:\Users\sajja\AppData\Local\Programs\Python\Python311\;C:\Users\sajja\AppData\Local\Microsoft\WindowsApps;C:\Users\sajja\AppData\Roaming\nvm;C:\Program Files\nodejs;C:\Users\sajja\AppData\Local\Programs\Microsoft VS Code\bin;C:\Program Files\nodejs\;C:\Users\sajja\AppData\Roaming\npm;D:\WebStorm 2023.1.1\bin;;D:\Nomadic_Insight\nat
USERNAME=sajja
LANG=en_US.UTF-8
OS=Windows_NT
PROCESSOR_IDENTIFIER=Intel64 Family 6 Model 140 Stepping 1, GenuineIntel
TMP=C:\Users\sajja\AppData\Local\Temp
TEMP=C:\Users\sajja\AppData\Local\Temp



---------------  S Y S T E M  ---------------

OS: Windows 11 , 64 bit Build 22621 (10.0.22621.1778)
OS uptime: 6 days 1:01 hours
Hyper-V role detected

CPU:total 8 (initial active 8) (4 cores per cpu, 2 threads per core) family 6 model 140 stepping 1 microcode 0xa4, cmov, cx8, fxsr, mmx, sse, sse2, sse3, ssse3, sse4.1, sse4.2, popcnt, avx, avx2, aes, clmul, erms, 3dnowpref, lzcnt, ht, tsc, tscinvbit, bmi1, bmi2, adx, evex, sha, fma

Memory: 4k page, system-wide physical 16117M (617M free)
TotalPageFile size 34142M (AvailPageFile size 65M)
current process WorkingSet (physical memory assigned to process): 10M, peak: 10M
current process commit charge ("private bytes"): 59M, peak: 123M

vm_info: OpenJDK 64-Bit Server VM (11.0.18+10-LTS) for windows-amd64 JRE (11.0.18+10-LTS), built on Jan 18 2023 15:56:47 by "MicrosoftCorporation" with MS VC++ 15.9 (VS2017)

END.
